<?xml version="1.0" encoding="UTF-8"?>
<!-- Generated by org.testng.reporters.JUnitXMLReporter -->
<testsuite hostname="DESKTOP-GQ552RE" ignored="3" name="Regression suite 1" tests="2" failures="0" timestamp="10 Jul 2019 11:40:34 GMT" time="1.163" errors="0">
  <testcase name="GetResponseOfListOfUsersTest" time="1.099" classname="com.qa.tests.GetListOfUsersTest"/>
  <testcase name="readJSONArray" time="0.002" classname="com.qa.tests.GetListOfUsersTest"/>
  <testcase name="getJSONStringTest" time="0.0" classname="com.qa.tests.GetListOfUsersTest">
    <ignored/>
  </testcase> <!-- getJSONStringTest -->
  <testcase name="getHeadersTest" time="0.0" classname="com.qa.tests.GetListOfUsersTest">
    <ignored/>
  </testcase> <!-- getHeadersTest -->
  <testcase name="GetStatusCodeOfListOfUsersTest" time="0.0" classname="com.qa.tests.GetListOfUsersTest">
    <ignored/>
  </testcase> <!-- GetStatusCodeOfListOfUsersTest -->
</testsuite> <!-- Regression suite 1 -->
