<?xml version="1.0" encoding="UTF-8"?>
<testng-results skipped="0" failed="0" ignored="3" total="5" passed="2">
  <reporter-output>
  </reporter-output>
  <suite name="example suite 1" duration-ms="1163" started-at="2019-07-10T11:40:33Z" finished-at="2019-07-10T11:40:34Z">
    <groups>
    </groups>
    <test name="Regression suite 1" duration-ms="1163" started-at="2019-07-10T11:40:33Z" finished-at="2019-07-10T11:40:34Z">
      <class name="com.qa.tests.GetListOfUsersTest">
        <test-method status="PASS" signature="setUp()[pri:0, instance:com.qa.tests.GetListOfUsersTest@dfd3711]" name="setUp" is-config="true" duration-ms="24" started-at="2019-07-10T11:40:33Z" finished-at="2019-07-10T11:40:33Z">
          <reporter-output>
          </reporter-output>
        </test-method> <!-- setUp -->
        <test-method status="PASS" signature="GetResponseOfListOfUsersTest()[pri:0, instance:com.qa.tests.GetListOfUsersTest@dfd3711]" name="GetResponseOfListOfUsersTest" duration-ms="1099" started-at="2019-07-10T11:40:33Z" finished-at="2019-07-10T11:40:34Z">
          <reporter-output>
          </reporter-output>
        </test-method> <!-- GetResponseOfListOfUsersTest -->
        <test-method status="PASS" signature="readJSONArray()[pri:0, instance:com.qa.tests.GetListOfUsersTest@dfd3711]" name="readJSONArray" duration-ms="2" started-at="2019-07-10T11:40:34Z" finished-at="2019-07-10T11:40:34Z">
          <reporter-output>
          </reporter-output>
        </test-method> <!-- readJSONArray -->
      </class> <!-- com.qa.tests.GetListOfUsersTest -->
    </test> <!-- Regression suite 1 -->
  </suite> <!-- example suite 1 -->
</testng-results>
